<?xml version="1.0" encoding="UTF-8"?>
<testsuite xmlns:xsi="http://www.w3.org/2001/XMLSchema-instance" xsi:noNamespaceSchemaLocation="https://maven.apache.org/surefire/maven-surefire-plugin/xsd/surefire-test-report-3.0.xsd" version="3.0" name="com.crypto88.RunCucumberTest" time="175.478" tests="5" errors="0" skipped="0" failures="0">
  <properties>
[...]
</properties>
  <testcase name="Verify URL Navigation" classname="Testing URL Navigation" time="34.106">
    <system-out><![CDATA[
Scenario: Verify URL Navigation                                                  &amp#27;[90m# com/crypto88/BrowserNavigation.feature:3&amp#27;[0m
  &amp#27;[32mGiven &amp#27;[0m&amp#27;[32mI open Chrome browser&amp#27;[0m                                                    &amp#27;[90m# com.crypto88.BrowserNavigationSteps.iOpenChromeBrowser()&amp#27;[0m
  &amp#27;[32mWhen &amp#27;[0m&amp#27;[32mI navigate to &amp#27;[0m&amp#27;[32m&amp#27;[1m"http://iqhqsolutionsdev.ddns.net:8082/"&amp#27;[0m                    &amp#27;[90m# com.crypto88.BrowserNavigationSteps.navigateToURL(java.lang.String)&amp#27;[0m
  &amp#27;[32mThen &amp#27;[0m&amp#27;[32mthe current URL should be &amp#27;[0m&amp#27;[32m&amp#27;[1m"http://iqhqsolutionsdev.ddns.net:8082/#/index"&amp#27;[0m &amp#27;[90m# com.crypto88.BrowserNavigationSteps.verifyBrowserURL(java.lang.String)&amp#27;[0m
]]></system-out>
    <system-err><![CDATA[SLF4J: No SLF4J providers were found.
SLF4J: Defaulting to no-operation (NOP) logger implementation
SLF4J: See https://www.slf4j.org/codes.html#noProviders for further details.
Starting ChromeDriver 121.0.6167.184 (057a8ae7deb3374d0f1b04b36304d236f0136188-refs/branch-heads/6167@{#1818}) on port 52041
Only local connections are allowed.
Please see https://chromedriver.chromium.org/security-considerations for suggestions on keeping ChromeDriver safe.
ChromeDriver was started successfully.
Feb 22, 2024 1:15:33 PM org.openqa.selenium.remote.ProtocolHandshake createSession
INFO: Detected dialect: W3C
Starting ChromeDriver 121.0.6167.184 (057a8ae7deb3374d0f1b04b36304d236f0136188-refs/branch-heads/6167@{#1818}) on port 11913
Only local connections are allowed.
Please see https://chromedriver.chromium.org/security-considerations for suggestions on keeping ChromeDriver safe.
ChromeDriver was started successfully.
Feb 22, 2024 1:15:36 PM org.openqa.selenium.remote.ProtocolHandshake createSession
INFO: Detected dialect: W3C
Starting ChromeDriver 121.0.6167.184 (057a8ae7deb3374d0f1b04b36304d236f0136188-refs/branch-heads/6167@{#1818}) on port 51287
Only local connections are allowed.
Please see https://chromedriver.chromium.org/security-considerations for suggestions on keeping ChromeDriver safe.
ChromeDriver was started successfully.
Feb 22, 2024 1:15:38 PM org.openqa.selenium.remote.ProtocolHandshake createSession
INFO: Detected dialect: W3C
Starting ChromeDriver 121.0.6167.184 (057a8ae7deb3374d0f1b04b36304d236f0136188-refs/branch-heads/6167@{#1818}) on port 64503
Only local connections are allowed.
Please see https://chromedriver.chromium.org/security-considerations for suggestions on keeping ChromeDriver safe.
ChromeDriver was started successfully.
Feb 22, 2024 1:15:42 PM org.openqa.selenium.remote.ProtocolHandshake createSession
INFO: Detected dialect: W3C
]]></system-err>
  </testcase>
  <testcase name="Checking Signup Page with Logos" classname="Indexfooter Functionality" time="25.06">
    <system-out><![CDATA[
Scenario: Checking Signup Page with Logos                 &amp#27;[90m# com/crypto88/IndexFooter.feature:3&amp#27;[0m
  &amp#27;[32mGiven &amp#27;[0m&amp#27;[32mI opened the URL and scrolled to the end&amp#27;[0m          &amp#27;[90m# com.crypto88.Indexfooter.i_opened_the_url_and_scrolled_to_the_end()&amp#27;[0m
Logo: fa fa-facebook
Logo: fa fa-youtube
Logo: fa fa-linkedin
Logo: fa fa-twitter
Logo: fa fa-camera
  &amp#27;[32mThen &amp#27;[0m&amp#27;[32mI print all logos present in the bottom footer&amp#27;[0m     &amp#27;[90m# com.crypto88.Indexfooter.i_print_all_logos_present_in_the_bottom_footer()&amp#27;[0m
  &amp#27;[32mAnd &amp#27;[0m&amp#27;[32mI verify all logos are present in the bottom footer&amp#27;[0m &amp#27;[90m# com.crypto88.Indexfooter.i_verify_all_logos_are_present_in_the_bottom_footer()&amp#27;[0m
]]></system-out>
    <system-err><![CDATA[Starting ChromeDriver 121.0.6167.184 (057a8ae7deb3374d0f1b04b36304d236f0136188-refs/branch-heads/6167@{#1818}) on port 30650
Only local connections are allowed.
Please see https://chromedriver.chromium.org/security-considerations for suggestions on keeping ChromeDriver safe.
ChromeDriver was started successfully.
Feb 22, 2024 1:16:03 PM org.openqa.selenium.remote.ProtocolHandshake createSession
INFO: Detected dialect: W3C
Starting ChromeDriver 121.0.6167.184 (057a8ae7deb3374d0f1b04b36304d236f0136188-refs/branch-heads/6167@{#1818}) on port 14412
Only local connections are allowed.
Please see https://chromedriver.chromium.org/security-considerations for suggestions on keeping ChromeDriver safe.
ChromeDriver was started successfully.
Feb 22, 2024 1:16:05 PM org.openqa.selenium.remote.ProtocolHandshake createSession
INFO: Detected dialect: W3C
Starting ChromeDriver 121.0.6167.184 (057a8ae7deb3374d0f1b04b36304d236f0136188-refs/branch-heads/6167@{#1818}) on port 27019
Only local connections are allowed.
Please see https://chromedriver.chromium.org/security-considerations for suggestions on keeping ChromeDriver safe.
ChromeDriver was started successfully.
Feb 22, 2024 1:16:06 PM org.openqa.selenium.remote.ProtocolHandshake createSession
INFO: Detected dialect: W3C
]]></system-err>
  </testcase>
  <testcase name="Tabs should redirect to login page" classname="SwitchTabs Before Login Steps" time="50.558">
    <system-out><![CDATA[
Scenario: Tabs should redirect to login page   &amp#27;[90m# com/crypto88/SwitchTabsBeforeLogin.feature:3&amp#27;[0m
  &amp#27;[32mGiven &amp#27;[0m&amp#27;[32mUser is on the application's main page&amp#27;[0m &amp#27;[90m# com.crypto88.SwitchTabsBeforeLoginSteps.user_is_on_the_applications_main_page()&amp#27;[0m
  &amp#27;[32mWhen &amp#27;[0m&amp#27;[32mUser switches between different tabs&amp#27;[0m    &amp#27;[90m# com.crypto88.SwitchTabsBeforeLoginSteps.user_switches_between_different_tabs(io.cucumber.datatable.DataTable)&amp#27;[0m
    | Dashboard  |
    | Wallets    |
    | Insight    |
    | Strategies |
]]></system-out>
    <system-err><![CDATA[Starting ChromeDriver 121.0.6167.184 (057a8ae7deb3374d0f1b04b36304d236f0136188-refs/branch-heads/6167@{#1818}) on port 49351
Only local connections are allowed.
Please see https://chromedriver.chromium.org/security-considerations for suggestions on keeping ChromeDriver safe.
ChromeDriver was started successfully.
Feb 22, 2024 1:16:31 PM org.openqa.selenium.remote.ProtocolHandshake createSession
INFO: Detected dialect: W3C
Starting ChromeDriver 121.0.6167.184 (057a8ae7deb3374d0f1b04b36304d236f0136188-refs/branch-heads/6167@{#1818}) on port 46340
Only local connections are allowed.
Please see https://chromedriver.chromium.org/security-considerations for suggestions on keeping ChromeDriver safe.
ChromeDriver was started successfully.
Feb 22, 2024 1:16:33 PM org.openqa.selenium.remote.ProtocolHandshake createSession
INFO: Detected dialect: W3C
Starting ChromeDriver 121.0.6167.184 (057a8ae7deb3374d0f1b04b36304d236f0136188-refs/branch-heads/6167@{#1818}) on port 30700
Only local connections are allowed.
Please see https://chromedriver.chromium.org/security-considerations for suggestions on keeping ChromeDriver safe.
ChromeDriver was started successfully.
Feb 22, 2024 1:16:37 PM org.openqa.selenium.remote.ProtocolHandshake createSession
INFO: Detected dialect: W3C
]]></system-err>
  </testcase>
  <testcase name="Switching between tabs after login" classname="Switch Tabs after Login" time="53.552">
    <system-out><![CDATA[
Scenario: Switching between tabs after login             &amp#27;[90m# com/crypto88/SwitchTabsOnHomePage.feature:3&amp#27;[0m
  &amp#27;[32mGiven &amp#27;[0m&amp#27;[32mI open the Application_URL in Chrome&amp#27;[0m             &amp#27;[90m# com.crypto88.SwitchTabsSteps.openApplicationURL()&amp#27;[0m
  &amp#27;[32mAnd &amp#27;[0m&amp#27;[32mI click on login_tab&amp#27;[0m                               &amp#27;[90m# com.crypto88.SwitchTabsSteps.clickOnLoginTab()&amp#27;[0m
  &amp#27;[32mAnd &amp#27;[0m&amp#27;[32mI enter a valid email_address &amp#27;[0m&amp#27;[32m&amp#27;[1m"crypto88@gmail.com"&amp#27;[0m &amp#27;[90m# com.crypto88.SwitchTabsSteps.enterValidEmail(java.lang.String)&amp#27;[0m
  &amp#27;[32mAnd &amp#27;[0m&amp#27;[32mI enter a valid_password &amp#27;[0m&amp#27;[32m&amp#27;[1m"crypto88"&amp#27;[0m                &amp#27;[90m# com.crypto88.SwitchTabsSteps.enterValidPassword(java.lang.String)&amp#27;[0m
  &amp#27;[32mAnd &amp#27;[0m&amp#27;[32mI click on Login_button&amp#27;[0m                            &amp#27;[90m# com.crypto88.SwitchTabsSteps.clickLoginButton()&amp#27;[0m
  &amp#27;[32mAnd &amp#27;[0m&amp#27;[32mI wait &amp#27;[0m&amp#27;[32m&amp#27;[1m5&amp#27;[0m&amp#27;[32m_seconds&amp#27;[0m                                   &amp#27;[90m# com.crypto88.SwitchTabsSteps.i_wait_for_seconds(java.lang.Integer)&amp#27;[0m
  &amp#27;[32mAnd &amp#27;[0m&amp#27;[32mUser switches between_different_tabs&amp#27;[0m               &amp#27;[90m# com.crypto88.SwitchTabsSteps.user_switches_between_different_tabs(io.cucumber.datatable.DataTable)&amp#27;[0m
    | Tab Name   | Expected URL                                                     |
    | Wallets    | http://iqhqsolutionsdev.ddns.net:8082/#/wallet                   |
    | Insight    | http://iqhqsolutionsdev.ddns.net:8082/#/insights                 |
    | Strategies | http://iqhqsolutionsdev.ddns.net:8082/#/strategy-recommendations |
  &amp#27;[32mAnd &amp#27;[0m&amp#27;[32mUser closes the application&amp#27;[0m                        &amp#27;[90m# com.crypto88.SwitchTabsSteps.user_closes_the_application()&amp#27;[0m
]]></system-out>
    <system-err><![CDATA[Starting ChromeDriver 121.0.6167.184 (057a8ae7deb3374d0f1b04b36304d236f0136188-refs/branch-heads/6167@{#1818}) on port 57084
Only local connections are allowed.
Please see https://chromedriver.chromium.org/security-considerations for suggestions on keeping ChromeDriver safe.
ChromeDriver was started successfully.
Feb 22, 2024 1:17:19 PM org.openqa.selenium.remote.ProtocolHandshake createSession
INFO: Detected dialect: W3C
Starting ChromeDriver 121.0.6167.184 (057a8ae7deb3374d0f1b04b36304d236f0136188-refs/branch-heads/6167@{#1818}) on port 47491
Only local connections are allowed.
Please see https://chromedriver.chromium.org/security-considerations for suggestions on keeping ChromeDriver safe.
ChromeDriver was started successfully.
Feb 22, 2024 1:17:21 PM org.openqa.selenium.remote.ProtocolHandshake createSession
INFO: Detected dialect: W3C
Starting ChromeDriver 121.0.6167.184 (057a8ae7deb3374d0f1b04b36304d236f0136188-refs/branch-heads/6167@{#1818}) on port 5247
Only local connections are allowed.
Please see https://chromedriver.chromium.org/security-considerations for suggestions on keeping ChromeDriver safe.
ChromeDriver was started successfully.
Feb 22, 2024 1:17:23 PM org.openqa.selenium.remote.ProtocolHandshake createSession
INFO: Detected dialect: W3C
]]></system-err>
  </testcase>
  <testcase name="Addition" classname="basic math" time="11.473">
    <system-out><![CDATA[
Scenario: Addition           &amp#27;[90m# com/crypto88/basic_math.feature:4&amp#27;[0m
  &amp#27;[32mGiven &amp#27;[0m&amp#27;[32mx=&amp#27;[0m&amp#27;[32m&amp#27;[1m2&amp#27;[0m                  &amp#27;[90m# com.crypto88.StepDefinitions.x(java.lang.Integer)&amp#27;[0m
  &amp#27;[32mAnd &amp#27;[0m&amp#27;[32my=&amp#27;[0m&amp#27;[32m&amp#27;[1m2&amp#27;[0m                    &amp#27;[90m# com.crypto88.StepDefinitions.y(java.lang.Integer)&amp#27;[0m
  &amp#27;[32mWhen &amp#27;[0m&amp#27;[32mx and y are added&amp#27;[0m     &amp#27;[90m# com.crypto88.StepDefinitions.x_and_y_are_added()&amp#27;[0m
  &amp#27;[32mThen &amp#27;[0m&amp#27;[32mthe value should be &amp#27;[0m&amp#27;[32m&amp#27;[1m4&amp#27;[0m &amp#27;[90m# com.crypto88.StepDefinitions.the_value_should_be(java.lang.Integer)&amp#27;[0m
]]></system-out>
    <system-err><![CDATA[Starting ChromeDriver 121.0.6167.184 (057a8ae7deb3374d0f1b04b36304d236f0136188-refs/branch-heads/6167@{#1818}) on port 36518
Only local connections are allowed.
Please see https://chromedriver.chromium.org/security-considerations for suggestions on keeping ChromeDriver safe.
ChromeDriver was started successfully.
Feb 22, 2024 1:18:12 PM org.openqa.selenium.remote.ProtocolHandshake createSession
INFO: Detected dialect: W3C
Starting ChromeDriver 121.0.6167.184 (057a8ae7deb3374d0f1b04b36304d236f0136188-refs/branch-heads/6167@{#1818}) on port 29419
Only local connections are allowed.
Please see https://chromedriver.chromium.org/security-considerations for suggestions on keeping ChromeDriver safe.
ChromeDriver was started successfully.
Feb 22, 2024 1:18:14 PM org.openqa.selenium.remote.ProtocolHandshake createSession
INFO: Detected dialect: W3C
Starting ChromeDriver 121.0.6167.184 (057a8ae7deb3374d0f1b04b36304d236f0136188-refs/branch-heads/6167@{#1818}) on port 11148
Only local connections are allowed.
Please see https://chromedriver.chromium.org/security-considerations for suggestions on keeping ChromeDriver safe.
ChromeDriver was started successfully.
Feb 22, 2024 1:18:17 PM org.openqa.selenium.remote.ProtocolHandshake createSession
INFO: Detected dialect: W3C
]]></system-err>
  </testcase>
</testsuite>